<?xml version="1.0" encoding="UTF-8"?>
<testsuite xmlns:xsi="http://www.w3.org/2001/XMLSchema-instance" xsi:noNamespaceSchemaLocation="https://maven.apache.org/surefire/maven-surefire-plugin/xsd/surefire-test-report.xsd" name="blog.api.web.controller.UserControllerTests" time="9.17" tests="5" errors="0" skipped="0" failures="0">
  <properties>
[...]
</properties>
  <testcase name="should_get_all_users" classname="blog.api.web.controller.UserControllerTests" time="0.414"/>
  <testcase name="should_delete_user" classname="blog.api.web.controller.UserControllerTests" time="0.022"/>
  <testcase name="should_update_user" classname="blog.api.web.controller.UserControllerTests" time="0.11"/>
  <testcase name="should_create_user" classname="blog.api.web.controller.UserControllerTests" time="0.018"/>
  <testcase name="should_get_user_by_id" classname="blog.api.web.controller.UserControllerTests" time="0.008"/>
</testsuite>