-------------------------------------------------------------------------------
Test set: blog.api.web.controller.UserControllerIT
-------------------------------------------------------------------------------
Tests run: 5, Failures: 0, Errors: 5, Skipped: 0, Time elapsed: 0.267 s <<< FAILURE! - in blog.api.web.controller.UserControllerIT
should_get_all_users(blog.api.web.controller.UserControllerIT)  Time elapsed: 0 s  <<< ERROR!
java.lang.NoClassDefFoundError: Could not initialize class blog.api.utils.BaseIntegrationTest

should_delete_user(blog.api.web.controller.UserControllerIT)  Time elapsed: 0 s  <<< ERROR!
java.lang.NoClassDefFoundError: Could not initialize class blog.api.web.controller.UserControllerIT

should_update_user(blog.api.web.controller.UserControllerIT)  Time elapsed: 0 s  <<< ERROR!
java.lang.NoClassDefFoundError: Could not initialize class blog.api.web.controller.UserControllerIT

should_create_user(blog.api.web.controller.UserControllerIT)  Time elapsed: 0 s  <<< ERROR!
java.lang.NoClassDefFoundError: Could not initialize class blog.api.web.controller.UserControllerIT

should_get_user_by_id(blog.api.web.controller.UserControllerIT)  Time elapsed: 0 s  <<< ERROR!
java.lang.NoClassDefFoundError: Could not initialize class blog.api.web.controller.UserControllerIT

