<?xml version="1.0" encoding="UTF-8"?>
<testsuite xmlns:xsi="http://www.w3.org/2001/XMLSchema-instance" xsi:noNamespaceSchemaLocation="https://maven.apache.org/surefire/maven-failsafe-plugin/xsd/failsafe-test-report.xsd" name="blog.api.web.controller.UserControllerIT" time="0.267" tests="5" errors="5" skipped="0" failures="0">
  <properties>
[...]
</properties>
  <testcase name="should_get_all_users" classname="blog.api.web.controller.UserControllerIT" time="0">
    <error message="Could not initialize class blog.api.utils.BaseIntegrationTest" type="java.lang.NoClassDefFoundError">java.lang.NoClassDefFoundError: Could not initialize class blog.api.utils.BaseIntegrationTest
</error>
    <system-out><![CDATA[17:50:57.372 [main] DEBUG org.springframework.test.context.junit4.SpringJUnit4ClassRunner - SpringJUnit4ClassRunner constructor called with [class blog.api.web.controller.UserControllerIT]
17:50:57.372 [main] DEBUG org.springframework.test.context.BootstrapUtils - Instantiating CacheAwareContextLoaderDelegate from class [org.springframework.test.context.cache.DefaultCacheAwareContextLoaderDelegate]
17:50:57.372 [main] DEBUG org.springframework.test.context.BootstrapUtils - Instantiating BootstrapContext using constructor [public org.springframework.test.context.support.DefaultBootstrapContext(java.lang.Class,org.springframework.test.context.CacheAwareContextLoaderDelegate)]
17:50:57.373 [main] DEBUG org.springframework.test.context.BootstrapUtils - Instantiating TestContextBootstrapper for test class [blog.api.web.controller.UserControllerIT] from class [org.springframework.boot.test.context.SpringBootTestContextBootstrapper]
17:50:57.376 [main] DEBUG org.springframework.test.context.support.AbstractContextLoader - Did not detect default resource location for test class [blog.api.utils.BaseIntegrationTest]: class path resource [blog/api/utils/BaseIntegrationTest-context.xml] does not exist
17:50:57.376 [main] DEBUG org.springframework.test.context.support.AbstractContextLoader - Did not detect default resource location for test class [blog.api.utils.BaseIntegrationTest]: class path resource [blog/api/utils/BaseIntegrationTestContext.groovy] does not exist
17:50:57.377 [main] INFO org.springframework.test.context.support.AbstractContextLoader - Could not detect default resource locations for test class [blog.api.utils.BaseIntegrationTest]: no resource found for suffixes {-context.xml, Context.groovy}.
17:50:57.377 [main] DEBUG org.springframework.test.context.support.AnnotationConfigContextLoaderUtils - Ignoring class [blog.api.utils.BaseIntegrationTest$Initializer]; it must be static, non-private, non-final, and annotated with @Configuration to be considered a default configuration class.
17:50:57.377 [main] INFO org.springframework.test.context.support.AnnotationConfigContextLoaderUtils - Could not detect default configuration classes for test class [blog.api.utils.BaseIntegrationTest]: BaseIntegrationTest does not declare any static, non-private, non-final, nested classes annotated with @Configuration.
17:50:57.392 [main] DEBUG org.springframework.test.context.support.ActiveProfilesUtils - Could not find an 'annotation declaring class' for annotation type [org.springframework.test.context.ActiveProfiles] and class [blog.api.web.controller.UserControllerIT]
17:50:57.393 [main] INFO org.springframework.boot.test.context.SpringBootTestContextBootstrapper - Found @SpringBootConfiguration blog.api.SpringBootRestApiSecuredApplication for test class blog.api.web.controller.UserControllerIT
17:50:57.398 [main] DEBUG org.springframework.boot.test.context.SpringBootTestContextBootstrapper - @TestExecutionListeners is not present for class [blog.api.web.controller.UserControllerIT]: using defaults.
17:50:57.398 [main] INFO org.springframework.boot.test.context.SpringBootTestContextBootstrapper - Loaded default TestExecutionListener class names from location [META-INF/spring.factories]: [org.springframework.boot.test.mock.mockito.MockitoTestExecutionListener, org.springframework.boot.test.mock.mockito.ResetMocksTestExecutionListener, org.springframework.boot.test.autoconfigure.restdocs.RestDocsTestExecutionListener, org.springframework.boot.test.autoconfigure.web.client.MockRestServiceServerResetTestExecutionListener, org.springframework.boot.test.autoconfigure.web.servlet.MockMvcPrintOnlyOnFailureTestExecutionListener, org.springframework.boot.test.autoconfigure.web.servlet.WebDriverTestExecutionListener, org.springframework.test.context.web.ServletTestExecutionListener, org.springframework.test.context.support.DirtiesContextBeforeModesTestExecutionListener, org.springframework.test.context.support.DependencyInjectionTestExecutionListener, org.springframework.test.context.support.DirtiesContextTestExecutionListener, org.springframework.test.context.transaction.TransactionalTestExecutionListener, org.springframework.test.context.jdbc.SqlScriptsTestExecutionListener, org.springframework.security.test.context.support.WithSecurityContextTestExecutionListener, org.springframework.security.test.context.support.ReactorContextTestExecutionListener]
17:50:57.400 [main] INFO org.springframework.boot.test.context.SpringBootTestContextBootstrapper - Using TestExecutionListeners: [org.springframework.test.context.web.ServletTestExecutionListener@7f36662c, org.springframework.test.context.support.DirtiesContextBeforeModesTestExecutionListener@28e8dde3, org.springframework.boot.test.mock.mockito.MockitoTestExecutionListener@6d23017e, org.springframework.boot.test.autoconfigure.SpringBootDependencyInjectionTestExecutionListener@54dcfa5a, org.springframework.test.context.support.DirtiesContextTestExecutionListener@1817f1eb, org.springframework.test.context.transaction.TransactionalTestExecutionListener@767e20cf, org.springframework.test.context.jdbc.SqlScriptsTestExecutionListener@3a3e78f, org.springframework.security.test.context.support.WithSecurityContextTestExecutionListener@301ec38b, org.springframework.security.test.context.support.ReactorContextTestExecutionListener@17a1e4ca, org.springframework.boot.test.mock.mockito.ResetMocksTestExecutionListener@10ded6a9, org.springframework.boot.test.autoconfigure.restdocs.RestDocsTestExecutionListener@c5dc4a2, org.springframework.boot.test.autoconfigure.web.client.MockRestServiceServerResetTestExecutionListener@4a194c39, org.springframework.boot.test.autoconfigure.web.servlet.MockMvcPrintOnlyOnFailureTestExecutionListener@52066604, org.springframework.boot.test.autoconfigure.web.servlet.WebDriverTestExecutionListener@340b9973]
17:50:57.400 [main] DEBUG org.springframework.test.annotation.ProfileValueUtils - Retrieved @ProfileValueSourceConfiguration [null] for test class [blog.api.web.controller.UserControllerIT]
17:50:57.400 [main] DEBUG org.springframework.test.annotation.ProfileValueUtils - Retrieved ProfileValueSource type [class org.springframework.test.annotation.SystemProfileValueSource] for class [blog.api.web.controller.UserControllerIT]
17:50:57.401 [main] DEBUG org.springframework.test.annotation.ProfileValueUtils - Retrieved @ProfileValueSourceConfiguration [null] for test class [blog.api.web.controller.UserControllerIT]
17:50:57.401 [main] DEBUG org.springframework.test.annotation.ProfileValueUtils - Retrieved ProfileValueSource type [class org.springframework.test.annotation.SystemProfileValueSource] for class [blog.api.web.controller.UserControllerIT]
17:50:57.401 [main] DEBUG org.springframework.test.annotation.ProfileValueUtils - Retrieved @ProfileValueSourceConfiguration [null] for test class [blog.api.web.controller.UserControllerIT]
17:50:57.401 [main] DEBUG org.springframework.test.annotation.ProfileValueUtils - Retrieved ProfileValueSource type [class org.springframework.test.annotation.SystemProfileValueSource] for class [blog.api.web.controller.UserControllerIT]
17:50:57.402 [main] DEBUG org.springframework.test.context.support.AbstractDirtiesContextTestExecutionListener - Before test class: context [DefaultTestContext@56113384 testClass = UserControllerIT, testInstance = [null], testMethod = [null], testException = [null], mergedContextConfiguration = [WebMergedContextConfiguration@5669c5fb testClass = UserControllerIT, locations = '{}', classes = '{class blog.api.SpringBootRestApiSecuredApplication}', contextInitializerClasses = '[class blog.api.utils.BaseIntegrationTest$Initializer]', activeProfiles = '{}', propertySourceLocations = '{}', propertySourceProperties = '{org.springframework.boot.test.context.SpringBootTestContextBootstrapper=true, server.port=0}', contextCustomizers = set[[ImportsContextCustomizer@373ebf74 key = [org.springframework.boot.test.autoconfigure.web.servlet.MockMvcAutoConfiguration, org.springframework.boot.test.autoconfigure.web.servlet.MockMvcSecurityAutoConfiguration, org.springframework.boot.test.autoconfigure.web.servlet.MockMvcWebClientAutoConfiguration, org.springframework.boot.test.autoconfigure.web.servlet.MockMvcWebDriverAutoConfiguration]], org.springframework.boot.test.context.filter.ExcludeFilterContextCustomizer@1b68b9a4, org.springframework.boot.test.json.DuplicateJsonObjectContextCustomizerFactory$DuplicateJsonObjectContextCustomizer@491666ad, org.springframework.boot.test.mock.mockito.MockitoContextCustomizer@0, org.springframework.boot.test.web.client.TestRestTemplateContextCustomizer@4c40b76e, org.springframework.boot.test.autoconfigure.properties.PropertyMappingContextCustomizer@e7e8512, org.springframework.boot.test.autoconfigure.web.servlet.WebDriverContextCustomizerFactory$Customizer@589b3632], resourceBasePath = 'src/main/webapp', contextLoader = 'org.springframework.boot.test.context.SpringBootContextLoader', parent = [null]], attributes = map['org.springframework.test.context.web.ServletTestExecutionListener.activateListener' -> false]], class annotated with @DirtiesContext [false] with mode [null].
17:50:57.403 [main] DEBUG org.springframework.test.annotation.ProfileValueUtils - Retrieved @ProfileValueSourceConfiguration [null] for test class [blog.api.web.controller.UserControllerIT]
17:50:57.403 [main] DEBUG org.springframework.test.annotation.ProfileValueUtils - Retrieved ProfileValueSource type [class org.springframework.test.annotation.SystemProfileValueSource] for class [blog.api.web.controller.UserControllerIT]
]]></system-out>
  </testcase>
  <testcase name="should_delete_user" classname="blog.api.web.controller.UserControllerIT" time="0">
    <error message="Could not initialize class blog.api.web.controller.UserControllerIT" type="java.lang.NoClassDefFoundError">java.lang.NoClassDefFoundError: Could not initialize class blog.api.web.controller.UserControllerIT
</error>
    <system-out><![CDATA[17:50:57.405 [main] DEBUG org.springframework.test.annotation.ProfileValueUtils - Retrieved @ProfileValueSourceConfiguration [null] for test class [blog.api.web.controller.UserControllerIT]
17:50:57.405 [main] DEBUG org.springframework.test.annotation.ProfileValueUtils - Retrieved ProfileValueSource type [class org.springframework.test.annotation.SystemProfileValueSource] for class [blog.api.web.controller.UserControllerIT]
]]></system-out>
  </testcase>
  <testcase name="should_update_user" classname="blog.api.web.controller.UserControllerIT" time="0">
    <error message="Could not initialize class blog.api.web.controller.UserControllerIT" type="java.lang.NoClassDefFoundError">java.lang.NoClassDefFoundError: Could not initialize class blog.api.web.controller.UserControllerIT
</error>
    <system-out><![CDATA[17:50:57.407 [main] DEBUG org.springframework.test.annotation.ProfileValueUtils - Retrieved @ProfileValueSourceConfiguration [null] for test class [blog.api.web.controller.UserControllerIT]
17:50:57.407 [main] DEBUG org.springframework.test.annotation.ProfileValueUtils - Retrieved ProfileValueSource type [class org.springframework.test.annotation.SystemProfileValueSource] for class [blog.api.web.controller.UserControllerIT]
]]></system-out>
  </testcase>
  <testcase name="should_create_user" classname="blog.api.web.controller.UserControllerIT" time="0">
    <error message="Could not initialize class blog.api.web.controller.UserControllerIT" type="java.lang.NoClassDefFoundError">java.lang.NoClassDefFoundError: Could not initialize class blog.api.web.controller.UserControllerIT
</error>
    <system-out><![CDATA[17:50:57.408 [main] DEBUG org.springframework.test.annotation.ProfileValueUtils - Retrieved @ProfileValueSourceConfiguration [null] for test class [blog.api.web.controller.UserControllerIT]
17:50:57.408 [main] DEBUG org.springframework.test.annotation.ProfileValueUtils - Retrieved ProfileValueSource type [class org.springframework.test.annotation.SystemProfileValueSource] for class [blog.api.web.controller.UserControllerIT]
]]></system-out>
  </testcase>
  <testcase name="should_get_user_by_id" classname="blog.api.web.controller.UserControllerIT" time="0">
    <error message="Could not initialize class blog.api.web.controller.UserControllerIT" type="java.lang.NoClassDefFoundError">java.lang.NoClassDefFoundError: Could not initialize class blog.api.web.controller.UserControllerIT
</error>
    <system-out><![CDATA[17:50:57.409 [main] DEBUG org.springframework.test.annotation.ProfileValueUtils - Retrieved @ProfileValueSourceConfiguration [null] for test class [blog.api.web.controller.UserControllerIT]
17:50:57.409 [main] DEBUG org.springframework.test.annotation.ProfileValueUtils - Retrieved ProfileValueSource type [class org.springframework.test.annotation.SystemProfileValueSource] for class [blog.api.web.controller.UserControllerIT]
]]></system-out>
  </testcase>
</testsuite>